[wqy@archlinux draw-engine]$ ./build/wayland-app
[4149424.445] {Default Queue}  -> wl_display#1.get_registry(new id wl_registry#2)
[4149424.458] {Default Queue}  -> wl_display#1.sync(new id wl_callback#3)
[4149424.643] {Display Queue} wl_display#1.delete_id(3)
[4149424.669] {Default Queue} wl_registry#2.global(1, "wl_shm", 2)
[4149424.686] {Default Queue}  -> wl_registry#2.bind(1, "wl_shm", 1, new id [unknown]#4)
[4149424.699] {Default Queue} wl_registry#2.global(2, "zwp_linux_dmabuf_v1", 4)
[4149424.711] {Default Queue} wl_registry#2.global(3, "wp_linux_drm_syncobj_manager_v1", 1)
[4149424.720] {Default Queue} wl_registry#2.global(4, "wl_compositor", 6)
[4149424.727] {Default Queue}  -> wl_registry#2.bind(4, "wl_compositor", 1, new id [unknown]#5)
[4149424.738] {Default Queue} wl_registry#2.global(5, "wl_subcompositor", 1)
[4149424.748] {Default Queue} wl_registry#2.global(6, "wl_data_device_manager", 3)
[4149424.757] {Default Queue} wl_registry#2.global(7, "zwlr_gamma_control_manager_v1", 1)
[4149424.765] {Default Queue} wl_registry#2.global(8, "zxdg_output_manager_v1", 3)
[4149424.778] {Default Queue} wl_registry#2.global(9, "ext_idle_notifier_v1", 2)
[4149424.789] {Default Queue} wl_registry#2.global(10, "zwp_idle_inhibit_manager_v1", 1)
[4149424.801] {Default Queue} wl_registry#2.global(11, "zwlr_layer_shell_v1", 4)
[4149424.812] {Default Queue} wl_registry#2.global(12, "xdg_wm_base", 5)
[4149424.824] {Default Queue}  -> wl_registry#2.bind(12, "xdg_wm_base", 1, new id [unknown]#6)
[4149424.840] {Default Queue} wl_registry#2.global(13, "zwp_tablet_manager_v2", 1)
[4149424.850] {Default Queue} wl_registry#2.global(14, "org_kde_kwin_server_decoration_manager", 1)
[4149424.860] {Default Queue} wl_registry#2.global(15, "zxdg_decoration_manager_v1", 1)
[4149424.870] {Default Queue} wl_registry#2.global(16, "zwp_relative_pointer_manager_v1", 1)
[4149424.881] {Default Queue} wl_registry#2.global(17, "zwp_pointer_constraints_v1", 1)
[4149424.892] {Default Queue} wl_registry#2.global(18, "wp_presentation", 2)
[4149424.907] {Default Queue} wl_registry#2.global(19, "wp_alpha_modifier_v1", 1)
[4149424.917] {Default Queue} wl_registry#2.global(20, "zwlr_output_manager_v1", 4)
[4149424.924] {Default Queue} wl_registry#2.global(21, "zwlr_output_power_manager_v1", 1)
[4149424.937] {Default Queue} wl_registry#2.global(22, "zwp_input_method_manager_v2", 1)
[4149424.960] {Default Queue} wl_registry#2.global(23, "zwp_text_input_manager_v3", 1)
[4149424.978] {Default Queue} wl_registry#2.global(24, "ext_foreign_toplevel_list_v1", 1)
[4149425.002] {Default Queue} wl_registry#2.global(25, "zwlr_foreign_toplevel_manager_v1", 3)
[4149425.028] {Default Queue} wl_registry#2.global(26, "ext_session_lock_manager_v1", 1)
[4149425.052] {Default Queue} wl_registry#2.global(27, "wp_drm_lease_device_v1", 1)
[4149425.077] {Default Queue} wl_registry#2.global(28, "zwlr_export_dmabuf_manager_v1", 1)
[4149425.101] {Default Queue} wl_registry#2.global(29, "zwlr_screencopy_manager_v1", 3)
[4149425.125] {Default Queue} wl_registry#2.global(30, "ext_image_copy_capture_manager_v1", 1)
[4149425.150] {Default Queue} wl_registry#2.global(31, "ext_output_image_capture_source_manager_v1", 1)
[4149425.174] {Default Queue} wl_registry#2.global(32, "zwlr_data_control_manager_v1", 2)
[4149425.204] {Default Queue} wl_registry#2.global(33, "ext_data_control_manager_v1", 1)
[4149425.229] {Default Queue} wl_registry#2.global(34, "wp_security_context_manager_v1", 1)
[4149425.251] {Default Queue} wl_registry#2.global(35, "wp_viewporter", 1)
[4149425.276] {Default Queue} wl_registry#2.global(36, "wp_single_pixel_buffer_manager_v1", 1)
[4149425.308] {Default Queue} wl_registry#2.global(37, "wp_content_type_manager_v1", 1)
[4149425.332] {Default Queue} wl_registry#2.global(38, "wp_fractional_scale_manager_v1", 1)
[4149425.357] {Default Queue} wl_registry#2.global(39, "wp_tearing_control_manager_v1", 1)
[4149425.382] {Default Queue} wl_registry#2.global(40, "zxdg_exporter_v1", 1)
[4149425.412] {Default Queue} wl_registry#2.global(41, "zxdg_importer_v1", 1)
[4149425.438] {Default Queue} wl_registry#2.global(42, "zxdg_exporter_v2", 1)
[4149425.491] {Default Queue} wl_registry#2.global(43, "zxdg_importer_v2", 1)
[4149425.514] {Default Queue} wl_registry#2.global(44, "xdg_activation_v1", 1)
[4149425.537] {Default Queue} wl_registry#2.global(45, "wp_cursor_shape_manager_v1", 1)
[4149425.562] {Default Queue} wl_registry#2.global(46, "zwp_virtual_keyboard_manager_v1", 1)
[4149425.595] {Default Queue} wl_registry#2.global(47, "zwlr_virtual_pointer_manager_v1", 2)
[4149425.620] {Default Queue} wl_registry#2.global(48, "zwp_keyboard_shortcuts_inhibit_manager_v1", 1)
[4149425.650] {Default Queue} wl_registry#2.global(49, "zwp_pointer_gestures_v1", 3)
[4149425.674] {Default Queue} wl_registry#2.global(50, "ext_transient_seat_manager_v1", 1)
[4149425.702] {Default Queue} wl_registry#2.global(51, "wl_seat", 9)
[4149425.727] {Default Queue} wl_registry#2.global(53, "zwp_primary_selection_device_manager_v1", 1)
[4149425.750] {Default Queue} wl_registry#2.global(58, "wl_output", 4)
[4149425.775] {Default Queue} wl_callback#3.done(15406)
[4149425.801] {Default Queue}  -> wl_compositor#5.create_surface(new id wl_surface#3)
[4149425.825] {Default Queue}  -> xdg_wm_base#6.get_xdg_surface(new id xdg_surface#7, wl_surface#3)
[4149425.853] {Default Queue}  -> xdg_surface#7.get_toplevel(new id xdg_toplevel#8)
[4149425.872] {Default Queue}  -> xdg_toplevel#8.set_title("helloworld")
[4149425.887] {Default Queue}  -> wl_surface#3.commit()
[4149426.320] {Default Queue} discarded wl_shm#4.format(0)
[4149426.348] {Default Queue} discarded wl_shm#4.format(1)
[4149426.374] {Default Queue} discarded wl_shm#4.format(875709016)
[4149426.394] {Default Queue} discarded wl_shm#4.format(875708993)
[4149426.415] {Default Queue} discarded wl_shm#4.format(875710274)
[4149426.443] {Default Queue} discarded wl_shm#4.format(842094674)
[4149426.491] {Default Queue} discarded wl_shm#4.format(842088786)
[4149426.507] {Default Queue} discarded wl_shm#4.format(892426322)
[4149426.519] {Default Queue} discarded wl_shm#4.format(892420434)
[4149426.534] {Default Queue} discarded wl_shm#4.format(909199186)
[4149426.545] {Default Queue} discarded wl_shm#4.format(808665688)
[4149426.567] {Default Queue} discarded wl_shm#4.format(808665665)
[4149426.595] {Default Queue} discarded wl_shm#4.format(1211384408)
[4149426.619] {Default Queue} discarded wl_shm#4.format(1211384385)
[4149426.646] {Default Queue} discarded wl_shm#4.format(942948952)
[4149426.669] {Default Queue} discarded wl_shm#4.format(942948929)
[4149426.694] {Default Queue} xdg_wm_base#6.ping(15407)
[4149426.728] {Default Queue}  -> xdg_wm_base#6.pong(15407)
[4149426.751] {Default Queue} xdg_toplevel#8.configure(0, 0, array[0])
[4149426.776] {Default Queue} xdg_surface#7.configure(15408)
[4149426.798] {Default Queue}  -> xdg_surface#7.ack_configure(15408)
recv the first configure event
[4149427.162] {Default Queue}  -> wl_shm#4.create_pool(new id wl_shm_pool#9, fd 5, 29491200)
[4149427.188] {Default Queue}  -> wl_shm_pool#9.create_buffer(new id wl_buffer#10, 0, 2560, 1440, 10240, 1)
[4149441.760] {Default Queue}  -> wl_surface#3.attach(wl_buffer#10, 0, 0)
[4149441.776] {Default Queue}  -> wl_surface#3.damage(0, 0, -1, -1)
wayland_ctx_commit_buffer, begin
[4149441.785] {Default Queue}  -> wl_surface#3.attach(wl_buffer#10, 0, 0)
[4149441.788] {Default Queue}  -> wl_surface#3.damage(0, 0, -1, -1)
[4149441.791] {Default Queue}  -> wl_surface#3.commit()
wayland_ctx_commit_buffer, end
[4149446.503] {Default Queue} wl_buffer#10.release()
[4149446.513] {Default Queue} xdg_toplevel#8.configure(1916, 2092, array[8])
[4149446.519] {Default Queue} xdg_surface#7.configure(15409)
[4149446.524] {Default Queue}  -> xdg_surface#7.ack_configure(15409)
[4149446.528] {Default Queue}  -> wl_surface#3.commit()
[4156605.682] {Default Queue} xdg_toplevel#8.configure(1916, 2092, array[4])
[4156605.753] {Default Queue} xdg_surface#7.configure(15412)
[4156605.776] {Default Queue}  -> xdg_surface#7.ack_configure(15412)
[4156605.794] {Default Queue}  -> wl_surface#3.commit()
[4156884.918] {Default Queue} xdg_toplevel#8.configure(1916, 2092, array[8])
[4156884.959] {Default Queue} xdg_surface#7.configure(15419)
[4156884.979] {Default Queue}  -> xdg_surface#7.ack_configure(15419)
[4156884.998] {Default Queue}  -> wl_surface#3.commit()
[4174340.339] {Default Queue} xdg_toplevel#8.configure(1916, 2092, array[4])
[4174340.375] {Default Queue} xdg_surface#7.configure(15421)
[4174340.383] {Default Queue}  -> xdg_surface#7.ack_configure(15421)
[4174340.391] {Default Queue}  -> wl_surface#3.commit()
[4175177.294] {Default Queue} xdg_toplevel#8.configure(1916, 2092, array[8])
[4175177.323] {Default Queue} xdg_surface#7.configure(15435)
[4175177.341] {Default Queue}  -> xdg_surface#7.ack_configure(15435)
[4175177.359] {Default Queue}  -> wl_surface#3.commit()
[4177692.963] {Default Queue} xdg_toplevel#8.configure(3836, 2092, array[4])
[4177693.004] {Default Queue} xdg_surface#7.configure(15437)
[4177693.017] {Default Queue}  -> xdg_surface#7.ack_configure(15437)
[4177693.027] {Default Queue}  -> wl_surface#3.commit()
[4178668.036] {Default Queue} xdg_toplevel#8.configure(3836, 2092, array[8])
[4178668.068] {Default Queue} xdg_surface#7.configure(15450)
[4178668.081] {Default Queue}  -> xdg_surface#7.ack_configure(15450)
[4178668.090] {Default Queue}  -> wl_surface#3.commit()
[4180903.018] {Default Queue} xdg_toplevel#8.close()
[4180903.072] {Default Queue}  -> wl_buffer#10.destroy()
[4180903.083] {Default Queue}  -> wl_shm_pool#9.destroy()
[4180904.692] {Default Queue}  -> xdg_toplevel#8.destroy()
[4180904.703] {Default Queue}  -> xdg_surface#7.destroy()
[4180904.707] {Default Queue}  -> wl_surface#3.destroy()
[wqy@archlinux draw-engine]$